Analysis & Synthesis report for keyboard
Sat Jul 18 03:34:25 2026
Quartus Prime Version 25.1std.0 Build 1129 10/21/2025 SC Lite Edition


---------------------
; Table of Contents ;
---------------------
  1. Legal Notice
  2. Analysis & Synthesis Summary
  3. Analysis & Synthesis Settings
  4. Parallel Compilation
  5. Analysis & Synthesis Source Files Read
  6. Analysis & Synthesis Resource Usage Summary
  7. Analysis & Synthesis Resource Utilization by Entity
  8. State Machine - |top|FSM_teclado:fsm|state
  9. General Register Statistics
 10. Multiplexer Restructuring Statistics (Restructuring Performed)
 11. Parameter Settings for User Entity Instance: password_menu:pm
 12. Post-Synthesis Netlist Statistics for Top Partition
 13. Elapsed Time Per Partition
 14. Analysis & Synthesis Messages
 15. Analysis & Synthesis Suppressed Messages



----------------
; Legal Notice ;
----------------
Copyright (C) 2025  Altera Corporation. All rights reserved.
Your use of Altera Corporation's design tools, logic functions 
and other software and tools, and any partner logic 
functions, and any output files from any of the foregoing 
(including device programming or simulation files), and any 
associated documentation or information are expressly subject 
to the terms and conditions of the Altera Program License 
Subscription Agreement, the Altera Quartus Prime License Agreement,
the Altera IP License Agreement, or other applicable license
agreement, including, without limitation, that your use is for
the sole purpose of programming logic devices manufactured by
Altera and sold by Altera or its authorized distributors.  Please
refer to the Altera Software License Subscription Agreements 
on the Quartus Prime software download page.



+--------------------------------------------------------------------------------------+
; Analysis & Synthesis Summary                                                         ;
+------------------------------------+-------------------------------------------------+
; Analysis & Synthesis Status        ; Successful - Sat Jul 18 03:34:25 2026           ;
; Quartus Prime Version              ; 25.1std.0 Build 1129 10/21/2025 SC Lite Edition ;
; Revision Name                      ; keyboard                                        ;
; Top-level Entity Name              ; top                                             ;
; Family                             ; Cyclone IV E                                    ;
; Total logic elements               ; 132                                             ;
;     Total combinational functions  ; 116                                             ;
;     Dedicated logic registers      ; 90                                              ;
; Total registers                    ; 90                                              ;
; Total pins                         ; 24                                              ;
; Total virtual pins                 ; 0                                               ;
; Total memory bits                  ; 0                                               ;
; Embedded Multiplier 9-bit elements ; 0                                               ;
; Total PLLs                         ; 0                                               ;
+------------------------------------+-------------------------------------------------+


+------------------------------------------------------------------------------------------------------------+
; Analysis & Synthesis Settings                                                                              ;
+------------------------------------------------------------------+--------------------+--------------------+
; Option                                                           ; Setting            ; Default Value      ;
+------------------------------------------------------------------+--------------------+--------------------+
; Device                                                           ; EP4CE10E22C8       ;                    ;
; Top-level entity name                                            ; top                ; keyboard           ;
; Family name                                                      ; Cyclone IV E       ; Cyclone V          ;
; Use smart compilation                                            ; Off                ; Off                ;
; Enable parallel Assembler and Timing Analyzer during compilation ; On                 ; On                 ;
; Enable compact report table                                      ; Off                ; Off                ;
; Restructure Multiplexers                                         ; Auto               ; Auto               ;
; Create Debugging Nodes for IP Cores                              ; Off                ; Off                ;
; Preserve fewer node names                                        ; On                 ; On                 ;
; Intel FPGA IP Evaluation Mode                                    ; Enable             ; Enable             ;
; Verilog Version                                                  ; Verilog_2001       ; Verilog_2001       ;
; VHDL Version                                                     ; VHDL_1993          ; VHDL_1993          ;
; State Machine Processing                                         ; Auto               ; Auto               ;
; Safe State Machine                                               ; Off                ; Off                ;
; Extract Verilog State Machines                                   ; On                 ; On                 ;
; Extract VHDL State Machines                                      ; On                 ; On                 ;
; Ignore Verilog initial constructs                                ; Off                ; Off                ;
; Iteration limit for constant Verilog loops                       ; 5000               ; 5000               ;
; Iteration limit for non-constant Verilog loops                   ; 250                ; 250                ;
; Add Pass-Through Logic to Inferred RAMs                          ; On                 ; On                 ;
; Infer RAMs from Raw Logic                                        ; On                 ; On                 ;
; Parallel Synthesis                                               ; On                 ; On                 ;
; DSP Block Balancing                                              ; Auto               ; Auto               ;
; NOT Gate Push-Back                                               ; On                 ; On                 ;
; Power-Up Don't Care                                              ; On                 ; On                 ;
; Remove Redundant Logic Cells                                     ; Off                ; Off                ;
; Remove Duplicate Registers                                       ; On                 ; On                 ;
; Ignore CARRY Buffers                                             ; Off                ; Off                ;
; Ignore CASCADE Buffers                                           ; Off                ; Off                ;
; Ignore GLOBAL Buffers                                            ; Off                ; Off                ;
; Ignore ROW GLOBAL Buffers                                        ; Off                ; Off                ;
; Ignore LCELL Buffers                                             ; Off                ; Off                ;
; Ignore SOFT Buffers                                              ; On                 ; On                 ;
; Limit AHDL Integers to 32 Bits                                   ; Off                ; Off                ;
; Optimization Technique                                           ; Balanced           ; Balanced           ;
; Carry Chain Length                                               ; 70                 ; 70                 ;
; Auto Carry Chains                                                ; On                 ; On                 ;
; Auto Open-Drain Pins                                             ; On                 ; On                 ;
; Perform WYSIWYG Primitive Resynthesis                            ; Off                ; Off                ;
; Auto ROM Replacement                                             ; On                 ; On                 ;
; Auto RAM Replacement                                             ; On                 ; On                 ;
; Auto DSP Block Replacement                                       ; On                 ; On                 ;
; Auto Shift Register Replacement                                  ; Auto               ; Auto               ;
; Allow Shift Register Merging across Hierarchies                  ; Auto               ; Auto               ;
; Auto Clock Enable Replacement                                    ; On                 ; On                 ;
; Strict RAM Replacement                                           ; Off                ; Off                ;
; Allow Synchronous Control Signals                                ; On                 ; On                 ;
; Force Use of Synchronous Clear Signals                           ; Off                ; Off                ;
; Auto RAM Block Balancing                                         ; On                 ; On                 ;
; Auto RAM to Logic Cell Conversion                                ; Off                ; Off                ;
; Auto Resource Sharing                                            ; Off                ; Off                ;
; Allow Any RAM Size For Recognition                               ; Off                ; Off                ;
; Allow Any ROM Size For Recognition                               ; Off                ; Off                ;
; Allow Any Shift Register Size For Recognition                    ; Off                ; Off                ;
; Use LogicLock Constraints during Resource Balancing              ; On                 ; On                 ;
; Ignore translate_off and synthesis_off directives                ; Off                ; Off                ;
; Timing-Driven Synthesis                                          ; On                 ; On                 ;
; Report Parameter Settings                                        ; On                 ; On                 ;
; Report Source Assignments                                        ; On                 ; On                 ;
; Report Connectivity Checks                                       ; On                 ; On                 ;
; Ignore Maximum Fan-Out Assignments                               ; Off                ; Off                ;
; Synchronization Register Chain Length                            ; 2                  ; 2                  ;
; Power Optimization During Synthesis                              ; Normal compilation ; Normal compilation ;
; HDL message level                                                ; Level2             ; Level2             ;
; Suppress Register Optimization Related Messages                  ; Off                ; Off                ;
; Number of Removed Registers Reported in Synthesis Report         ; 5000               ; 5000               ;
; Number of Swept Nodes Reported in Synthesis Report               ; 5000               ; 5000               ;
; Number of Inverted Registers Reported in Synthesis Report        ; 100                ; 100                ;
; Clock MUX Protection                                             ; On                 ; On                 ;
; Auto Gated Clock Conversion                                      ; Off                ; Off                ;
; Block Design Naming                                              ; Auto               ; Auto               ;
; SDC constraint protection                                        ; Off                ; Off                ;
; Synthesis Effort                                                 ; Auto               ; Auto               ;
; Shift Register Replacement - Allow Asynchronous Clear Signal     ; On                 ; On                 ;
; Pre-Mapping Resynthesis Optimization                             ; Off                ; Off                ;
; Analysis & Synthesis Message Level                               ; Medium             ; Medium             ;
; Disable Register Merging Across Hierarchies                      ; Auto               ; Auto               ;
; Resource Aware Inference For Block RAM                           ; On                 ; On                 ;
+------------------------------------------------------------------+--------------------+--------------------+


+------------------------------------------+
; Parallel Compilation                     ;
+----------------------------+-------------+
; Processors                 ; Number      ;
+----------------------------+-------------+
; Number detected on machine ; 12          ;
; Maximum allowed            ; 10          ;
;                            ;             ;
; Average used               ; 1.00        ;
; Maximum used               ; 10          ;
;                            ;             ;
; Usage by Processor         ; % Time Used ;
;     Processor 1            ; 100.0%      ;
;     Processors 2-10        ;   0.0%      ;
+----------------------------+-------------+


+----------------------------------------------------------------------------------------------------------------------------------------------------------------------------------------------------------------------------------------------------------------------+
; Analysis & Synthesis Source Files Read                                                                                                                                                                                                                               ;
+----------------------------------+-----------------+------------------------+------------------------------------------------------------------------------------------------------------------------------------------------------------------------------+---------+
; File Name with User-Entered Path ; Used in Netlist ; File Type              ; File Name with Absolute Path                                                                                                                                                 ; Library ;
+----------------------------------+-----------------+------------------------+------------------------------------------------------------------------------------------------------------------------------------------------------------------------------+---------+
; ../password_menu.v               ; yes             ; User Verilog HDL File  ; C:/Users/Personal/OneDrive/Escritorio/UNAL Clases/Semestre VI/Electronica digital/ProyectoFinal/Sistema-Digital-Regulador-de-Tiempo-de-Pantalla/password_menu.v              ;         ;
; decodTeclas.v                    ; yes             ; User Verilog HDL File  ; C:/Users/Personal/OneDrive/Escritorio/UNAL Clases/Semestre VI/Electronica digital/ProyectoFinal/Sistema-Digital-Regulador-de-Tiempo-de-Pantalla/Keyboard_fsm/decodTeclas.v   ;         ;
; ../clock.v                       ; yes             ; User Verilog HDL File  ; C:/Users/Personal/OneDrive/Escritorio/UNAL Clases/Semestre VI/Electronica digital/ProyectoFinal/Sistema-Digital-Regulador-de-Tiempo-de-Pantalla/clock.v                      ;         ;
; top.v                            ; yes             ; User Verilog HDL File  ; C:/Users/Personal/OneDrive/Escritorio/UNAL Clases/Semestre VI/Electronica digital/ProyectoFinal/Sistema-Digital-Regulador-de-Tiempo-de-Pantalla/Keyboard_fsm/top.v           ;         ;
; Matrix_4x4.v                     ; yes             ; User Verilog HDL File  ; C:/Users/Personal/OneDrive/Escritorio/UNAL Clases/Semestre VI/Electronica digital/ProyectoFinal/Sistema-Digital-Regulador-de-Tiempo-de-Pantalla/Keyboard_fsm/Matrix_4x4.v    ;         ;
; FSM_teclado.v                    ; yes             ; User Verilog HDL File  ; C:/Users/Personal/OneDrive/Escritorio/UNAL Clases/Semestre VI/Electronica digital/ProyectoFinal/Sistema-Digital-Regulador-de-Tiempo-de-Pantalla/Keyboard_fsm/FSM_teclado.v   ;         ;
; decodificador.v                  ; yes             ; User Verilog HDL File  ; C:/Users/Personal/OneDrive/Escritorio/UNAL Clases/Semestre VI/Electronica digital/ProyectoFinal/Sistema-Digital-Regulador-de-Tiempo-de-Pantalla/Keyboard_fsm/decodificador.v ;         ;
; debounce.v                       ; yes             ; User Verilog HDL File  ; C:/Users/Personal/OneDrive/Escritorio/UNAL Clases/Semestre VI/Electronica digital/ProyectoFinal/Sistema-Digital-Regulador-de-Tiempo-de-Pantalla/Keyboard_fsm/debounce.v      ;         ;
; counter.v                        ; yes             ; User Verilog HDL File  ; C:/Users/Personal/OneDrive/Escritorio/UNAL Clases/Semestre VI/Electronica digital/ProyectoFinal/Sistema-Digital-Regulador-de-Tiempo-de-Pantalla/Keyboard_fsm/counter.v       ;         ;
+----------------------------------+-----------------+------------------------+------------------------------------------------------------------------------------------------------------------------------------------------------------------------------+---------+


+-------------------------------------------------------------------+
; Analysis & Synthesis Resource Usage Summary                       ;
+---------------------------------------------+---------------------+
; Resource                                    ; Usage               ;
+---------------------------------------------+---------------------+
; Estimated Total logic elements              ; 132                 ;
;                                             ;                     ;
; Total combinational functions               ; 116                 ;
; Logic element usage by number of LUT inputs ;                     ;
;     -- 4 input functions                    ; 47                  ;
;     -- 3 input functions                    ; 9                   ;
;     -- <=2 input functions                  ; 60                  ;
;                                             ;                     ;
; Logic elements by mode                      ;                     ;
;     -- normal mode                          ; 80                  ;
;     -- arithmetic mode                      ; 36                  ;
;                                             ;                     ;
; Total registers                             ; 90                  ;
;     -- Dedicated logic registers            ; 90                  ;
;     -- I/O registers                        ; 0                   ;
;                                             ;                     ;
; I/O pins                                    ; 24                  ;
;                                             ;                     ;
; Embedded Multiplier 9-bit elements          ; 0                   ;
;                                             ;                     ;
; Maximum fan-out node                        ; clock:clk_div|count ;
; Maximum fan-out                             ; 58                  ;
; Total fan-out                               ; 648                 ;
; Average fan-out                             ; 2.55                ;
+---------------------------------------------+---------------------+


+---------------------------------------------------------------------------------------------------------------------------------------------------------------------------------------------------------------+
; Analysis & Synthesis Resource Utilization by Entity                                                                                                                                                           ;
+----------------------------+---------------------+---------------------------+-------------+--------------+---------+-----------+------+--------------+------------------------+---------------+--------------+
; Compilation Hierarchy Node ; Combinational ALUTs ; Dedicated Logic Registers ; Memory Bits ; DSP Elements ; DSP 9x9 ; DSP 18x18 ; Pins ; Virtual Pins ; Full Hierarchy Name    ; Entity Name   ; Library Name ;
+----------------------------+---------------------+---------------------------+-------------+--------------+---------+-----------+------+--------------+------------------------+---------------+--------------+
; |top                       ; 116 (0)             ; 90 (0)                    ; 0           ; 0            ; 0       ; 0         ; 24   ; 0            ; |top                   ; top           ; work         ;
;    |FSM_teclado:fsm|       ; 3 (3)               ; 3 (3)                     ; 0           ; 0            ; 0       ; 0         ; 0    ; 0            ; |top|FSM_teclado:fsm   ; FSM_teclado   ; work         ;
;    |Matrix_4x4:mat1|       ; 10 (10)             ; 11 (11)                   ; 0           ; 0            ; 0       ; 0         ; 0    ; 0            ; |top|Matrix_4x4:mat1   ; Matrix_4x4    ; work         ;
;    |clock:clk_div|         ; 44 (44)             ; 33 (33)                   ; 0           ; 0            ; 0       ; 0         ; 0    ; 0            ; |top|clock:clk_div     ; clock         ; work         ;
;    |counter:c2|            ; 4 (4)               ; 2 (2)                     ; 0           ; 0            ; 0       ; 0         ; 0    ; 0            ; |top|counter:c2        ; counter       ; work         ;
;    |debounce:db|           ; 10 (10)             ; 11 (11)                   ; 0           ; 0            ; 0       ; 0         ; 0    ; 0            ; |top|debounce:db       ; debounce      ; work         ;
;    |decodTeclas:dt|        ; 5 (5)               ; 0 (0)                     ; 0           ; 0            ; 0       ; 0         ; 0    ; 0            ; |top|decodTeclas:dt    ; decodTeclas   ; work         ;
;    |decodificador:dec|     ; 11 (11)             ; 5 (5)                     ; 0           ; 0            ; 0       ; 0         ; 0    ; 0            ; |top|decodificador:dec ; decodificador ; work         ;
;    |password_menu:pm|      ; 29 (29)             ; 25 (25)                   ; 0           ; 0            ; 0       ; 0         ; 0    ; 0            ; |top|password_menu:pm  ; password_menu ; work         ;
+----------------------------+---------------------+---------------------------+-------------+--------------+---------+-----------+------+--------------+------------------------+---------------+--------------+
Note: For table entries with two numbers listed, the numbers in parentheses indicate the number of resources of the given type used by the specific entity alone. The numbers listed outside of parentheses indicate the total resources of the given type used by the specific entity and all of its sub-entities in the hierarchy.


Encoding Type:  One-Hot
+-----------------------------------------------------------+
; State Machine - |top|FSM_teclado:fsm|state                ;
+----------------+------------+----------------+------------+
; Name           ; state.IDLE ; state.DEBOUNCE ; state.SCAN ;
+----------------+------------+----------------+------------+
; state.IDLE     ; 0          ; 0              ; 0          ;
; state.SCAN     ; 1          ; 0              ; 1          ;
; state.DEBOUNCE ; 1          ; 1              ; 0          ;
+----------------+------------+----------------+------------+


+------------------------------------------------------+
; General Register Statistics                          ;
+----------------------------------------------+-------+
; Statistic                                    ; Value ;
+----------------------------------------------+-------+
; Total registers                              ; 90    ;
; Number of registers using Synchronous Clear  ; 45    ;
; Number of registers using Synchronous Load   ; 0     ;
; Number of registers using Asynchronous Clear ; 14    ;
; Number of registers using Asynchronous Load  ; 0     ;
; Number of registers using Clock Enable       ; 40    ;
; Number of registers using Preset             ; 0     ;
+----------------------------------------------+-------+


+--------------------------------------------------------------------------------------------------------------------------------------------------------+
; Multiplexer Restructuring Statistics (Restructuring Performed)                                                                                         ;
+--------------------+-----------+---------------+----------------------+------------------------+------------+------------------------------------------+
; Multiplexer Inputs ; Bus Width ; Baseline Area ; Area if Restructured ; Saving if Restructured ; Registered ; Example Multiplexer Output               ;
+--------------------+-----------+---------------+----------------------+------------------------+------------+------------------------------------------+
; 3:1                ; 2 bits    ; 4 LEs         ; 2 LEs                ; 2 LEs                  ; Yes        ; |top|counter:c2|count[1]                 ;
; 3:1                ; 32 bits   ; 64 LEs        ; 32 LEs               ; 32 LEs                 ; Yes        ; |top|clock:clk_div|cuenta[12]            ;
; 4:1                ; 3 bits    ; 6 LEs         ; 3 LEs                ; 3 LEs                  ; Yes        ; |top|password_menu:pm|puntero_digitos[0] ;
; 4:1                ; 4 bits    ; 8 LEs         ; 4 LEs                ; 4 LEs                  ; Yes        ; |top|password_menu:pm|D3[0]              ;
; 4:1                ; 4 bits    ; 8 LEs         ; 4 LEs                ; 4 LEs                  ; Yes        ; |top|password_menu:pm|D2[1]              ;
; 4:1                ; 4 bits    ; 8 LEs         ; 4 LEs                ; 4 LEs                  ; Yes        ; |top|password_menu:pm|D1[0]              ;
; 4:1                ; 4 bits    ; 8 LEs         ; 4 LEs                ; 4 LEs                  ; Yes        ; |top|password_menu:pm|D0[0]              ;
; 66:1               ; 4 bits    ; 176 LEs       ; 40 LEs               ; 136 LEs                ; Yes        ; |top|decodificador:dec|salida[0]         ;
+--------------------+-----------+---------------+----------------------+------------------------+------------+------------------------------------------+


+---------------------------------------------------------------+
; Parameter Settings for User Entity Instance: password_menu:pm ;
+------------------+------------------+-------------------------+
; Parameter Name   ; Value            ; Type                    ;
+------------------+------------------+-------------------------+
; DEFAULT_PASSWORD ; 0000100000101000 ; Unsigned Binary         ;
+------------------+------------------+-------------------------+
Note: In order to hide this table in the UI and the text report file, please set the "Show Parameter Settings in Synthesis Report" option in "Analysis and Synthesis Settings -> More Settings" to "Off".


+-----------------------------------------------------+
; Post-Synthesis Netlist Statistics for Top Partition ;
+-----------------------+-----------------------------+
; Type                  ; Count                       ;
+-----------------------+-----------------------------+
; boundary_port         ; 24                          ;
; cycloneiii_ff         ; 90                          ;
;     CLR               ; 4                           ;
;     ENA               ; 26                          ;
;     ENA CLR           ; 4                           ;
;     ENA CLR SCLR      ; 6                           ;
;     ENA SCLR          ; 4                           ;
;     SCLR              ; 35                          ;
;     plain             ; 11                          ;
; cycloneiii_lcell_comb ; 133                         ;
;     arith             ; 36                          ;
;         2 data inputs ; 36                          ;
;     normal            ; 97                          ;
;         1 data inputs ; 24                          ;
;         2 data inputs ; 17                          ;
;         3 data inputs ; 9                           ;
;         4 data inputs ; 47                          ;
;                       ;                             ;
; Max LUT depth         ; 4.10                        ;
; Average LUT depth     ; 2.46                        ;
+-----------------------+-----------------------------+


+-------------------------------+
; Elapsed Time Per Partition    ;
+----------------+--------------+
; Partition Name ; Elapsed Time ;
+----------------+--------------+
; Top            ; 00:00:00     ;
+----------------+--------------+


+-------------------------------+
; Analysis & Synthesis Messages ;
+-------------------------------+
Info: *******************************************************************
Info: Running Quartus Prime Analysis & Synthesis
    Info: Version 25.1std.0 Build 1129 10/21/2025 SC Lite Edition
    Info: Processing started: Sat Jul 18 03:34:18 2026
Info: Command: quartus_map --read_settings_files=on --write_settings_files=off keyboard -c keyboard
Warning (18236): Number of processors has not been specified which may cause overloading on shared machines.  Set the global assignment NUM_PARALLEL_PROCESSORS in your QSF to an appropriate value for best performance.
Info (20030): Parallel compilation is enabled and will use 10 of the 10 processors detected
Info (12021): Found 1 design units, including 1 entities, in source file /users/personal/onedrive/escritorio/unal clases/semestre vi/electronica digital/proyectofinal/sistema-digital-regulador-de-tiempo-de-pantalla/password_menu.v
    Info (12023): Found entity 1: password_menu File: C:/Users/Personal/OneDrive/Escritorio/UNAL Clases/Semestre VI/Electronica digital/ProyectoFinal/Sistema-Digital-Regulador-de-Tiempo-de-Pantalla/password_menu.v Line: 4
Info (12021): Found 1 design units, including 1 entities, in source file decodteclas.v
    Info (12023): Found entity 1: decodTeclas File: C:/Users/Personal/OneDrive/Escritorio/UNAL Clases/Semestre VI/Electronica digital/ProyectoFinal/Sistema-Digital-Regulador-de-Tiempo-de-Pantalla/Keyboard_fsm/decodTeclas.v Line: 1
Info (12021): Found 1 design units, including 1 entities, in source file /users/personal/onedrive/escritorio/unal clases/semestre vi/electronica digital/proyectofinal/sistema-digital-regulador-de-tiempo-de-pantalla/clock.v
    Info (12023): Found entity 1: clock File: C:/Users/Personal/OneDrive/Escritorio/UNAL Clases/Semestre VI/Electronica digital/ProyectoFinal/Sistema-Digital-Regulador-de-Tiempo-de-Pantalla/clock.v Line: 2
Info (12021): Found 1 design units, including 1 entities, in source file top.v
    Info (12023): Found entity 1: top File: C:/Users/Personal/OneDrive/Escritorio/UNAL Clases/Semestre VI/Electronica digital/ProyectoFinal/Sistema-Digital-Regulador-de-Tiempo-de-Pantalla/Keyboard_fsm/top.v Line: 1
Info (12021): Found 1 design units, including 1 entities, in source file matrix_4x4.v
    Info (12023): Found entity 1: Matrix_4x4 File: C:/Users/Personal/OneDrive/Escritorio/UNAL Clases/Semestre VI/Electronica digital/ProyectoFinal/Sistema-Digital-Regulador-de-Tiempo-de-Pantalla/Keyboard_fsm/Matrix_4x4.v Line: 1
Info (12021): Found 1 design units, including 1 entities, in source file fsm_teclado.v
    Info (12023): Found entity 1: FSM_teclado File: C:/Users/Personal/OneDrive/Escritorio/UNAL Clases/Semestre VI/Electronica digital/ProyectoFinal/Sistema-Digital-Regulador-de-Tiempo-de-Pantalla/Keyboard_fsm/FSM_teclado.v Line: 1
Info (12021): Found 1 design units, including 1 entities, in source file decodificador.v
    Info (12023): Found entity 1: decodificador File: C:/Users/Personal/OneDrive/Escritorio/UNAL Clases/Semestre VI/Electronica digital/ProyectoFinal/Sistema-Digital-Regulador-de-Tiempo-de-Pantalla/Keyboard_fsm/decodificador.v Line: 1
Info (12021): Found 1 design units, including 1 entities, in source file debounce.v
    Info (12023): Found entity 1: debounce File: C:/Users/Personal/OneDrive/Escritorio/UNAL Clases/Semestre VI/Electronica digital/ProyectoFinal/Sistema-Digital-Regulador-de-Tiempo-de-Pantalla/Keyboard_fsm/debounce.v Line: 1
Info (12021): Found 1 design units, including 1 entities, in source file counter.v
    Info (12023): Found entity 1: counter File: C:/Users/Personal/OneDrive/Escritorio/UNAL Clases/Semestre VI/Electronica digital/ProyectoFinal/Sistema-Digital-Regulador-de-Tiempo-de-Pantalla/Keyboard_fsm/counter.v Line: 1
Warning (10236): Verilog HDL Implicit Net warning at top.v(71): created implicit net for "nreset" File: C:/Users/Personal/OneDrive/Escritorio/UNAL Clases/Semestre VI/Electronica digital/ProyectoFinal/Sistema-Digital-Regulador-de-Tiempo-de-Pantalla/Keyboard_fsm/top.v Line: 71
Info (12127): Elaborating entity "top" for the top level hierarchy
Info (12128): Elaborating entity "clock" for hierarchy "clock:clk_div" File: C:/Users/Personal/OneDrive/Escritorio/UNAL Clases/Semestre VI/Electronica digital/ProyectoFinal/Sistema-Digital-Regulador-de-Tiempo-de-Pantalla/Keyboard_fsm/top.v Line: 80
Info (12128): Elaborating entity "Matrix_4x4" for hierarchy "Matrix_4x4:mat1" File: C:/Users/Personal/OneDrive/Escritorio/UNAL Clases/Semestre VI/Electronica digital/ProyectoFinal/Sistema-Digital-Regulador-de-Tiempo-de-Pantalla/Keyboard_fsm/top.v Line: 92
Warning (10230): Verilog HDL assignment warning at Matrix_4x4.v(24): truncated value with size 32 to match size of target (2) File: C:/Users/Personal/OneDrive/Escritorio/UNAL Clases/Semestre VI/Electronica digital/ProyectoFinal/Sistema-Digital-Regulador-de-Tiempo-de-Pantalla/Keyboard_fsm/Matrix_4x4.v Line: 24
Info (12128): Elaborating entity "counter" for hierarchy "counter:c2" File: C:/Users/Personal/OneDrive/Escritorio/UNAL Clases/Semestre VI/Electronica digital/ProyectoFinal/Sistema-Digital-Regulador-de-Tiempo-de-Pantalla/Keyboard_fsm/top.v Line: 99
Warning (10230): Verilog HDL assignment warning at counter.v(10): truncated value with size 32 to match size of target (2) File: C:/Users/Personal/OneDrive/Escritorio/UNAL Clases/Semestre VI/Electronica digital/ProyectoFinal/Sistema-Digital-Regulador-de-Tiempo-de-Pantalla/Keyboard_fsm/counter.v Line: 10
Info (12128): Elaborating entity "decodificador" for hierarchy "decodificador:dec" File: C:/Users/Personal/OneDrive/Escritorio/UNAL Clases/Semestre VI/Electronica digital/ProyectoFinal/Sistema-Digital-Regulador-de-Tiempo-de-Pantalla/Keyboard_fsm/top.v Line: 111
Info (12128): Elaborating entity "debounce" for hierarchy "debounce:db" File: C:/Users/Personal/OneDrive/Escritorio/UNAL Clases/Semestre VI/Electronica digital/ProyectoFinal/Sistema-Digital-Regulador-de-Tiempo-de-Pantalla/Keyboard_fsm/top.v Line: 120
Warning (10036): Verilog HDL or VHDL warning at debounce.v(11): object "key_reg" assigned a value but never read File: C:/Users/Personal/OneDrive/Escritorio/UNAL Clases/Semestre VI/Electronica digital/ProyectoFinal/Sistema-Digital-Regulador-de-Tiempo-de-Pantalla/Keyboard_fsm/debounce.v Line: 11
Warning (10230): Verilog HDL assignment warning at debounce.v(25): truncated value with size 32 to match size of target (6) File: C:/Users/Personal/OneDrive/Escritorio/UNAL Clases/Semestre VI/Electronica digital/ProyectoFinal/Sistema-Digital-Regulador-de-Tiempo-de-Pantalla/Keyboard_fsm/debounce.v Line: 25
Warning (10230): Verilog HDL assignment warning at debounce.v(28): truncated value with size 32 to match size of target (6) File: C:/Users/Personal/OneDrive/Escritorio/UNAL Clases/Semestre VI/Electronica digital/ProyectoFinal/Sistema-Digital-Regulador-de-Tiempo-de-Pantalla/Keyboard_fsm/debounce.v Line: 28
Info (12128): Elaborating entity "FSM_teclado" for hierarchy "FSM_teclado:fsm" File: C:/Users/Personal/OneDrive/Escritorio/UNAL Clases/Semestre VI/Electronica digital/ProyectoFinal/Sistema-Digital-Regulador-de-Tiempo-de-Pantalla/Keyboard_fsm/top.v Line: 135
Info (12128): Elaborating entity "decodTeclas" for hierarchy "decodTeclas:dt" File: C:/Users/Personal/OneDrive/Escritorio/UNAL Clases/Semestre VI/Electronica digital/ProyectoFinal/Sistema-Digital-Regulador-de-Tiempo-de-Pantalla/Keyboard_fsm/top.v Line: 144
Info (12128): Elaborating entity "password_menu" for hierarchy "password_menu:pm" File: C:/Users/Personal/OneDrive/Escritorio/UNAL Clases/Semestre VI/Electronica digital/ProyectoFinal/Sistema-Digital-Regulador-de-Tiempo-de-Pantalla/Keyboard_fsm/top.v Line: 159
Info (286030): Timing-Driven Synthesis is running
Info (144001): Generated suppressed messages file C:/Users/Personal/OneDrive/Escritorio/UNAL Clases/Semestre VI/Electronica digital/ProyectoFinal/Sistema-Digital-Regulador-de-Tiempo-de-Pantalla/Keyboard_fsm/output_files/keyboard.map.smsg
Info (16010): Generating hard_block partition "hard_block:auto_generated_inst"
    Info (16011): Adding 0 node(s), including 0 DDIO, 0 PLL, 0 transceiver and 0 LCELL
Info (21057): Implemented 162 device resources after synthesis - the final resource count might be different
    Info (21058): Implemented 7 input pins
    Info (21059): Implemented 17 output pins
    Info (21061): Implemented 138 logic cells
Info: Quartus Prime Analysis & Synthesis was successful. 0 errors, 7 warnings
    Info: Peak virtual memory: 4836 megabytes
    Info: Processing ended: Sat Jul 18 03:34:25 2026
    Info: Elapsed time: 00:00:07
    Info: Total CPU time (on all processors): 00:00:13


+------------------------------------------+
; Analysis & Synthesis Suppressed Messages ;
+------------------------------------------+
The suppressed messages can be found in C:/Users/Personal/OneDrive/Escritorio/UNAL Clases/Semestre VI/Electronica digital/ProyectoFinal/Sistema-Digital-Regulador-de-Tiempo-de-Pantalla/Keyboard_fsm/output_files/keyboard.map.smsg.


